\BOOKMARK [0][-]{chapter*.2}{Introduzione}{}% 1
\BOOKMARK [0][-]{section*.3}{Indice}{}% 2
\BOOKMARK [0][-]{section*.4}{Elenco delle figure}{}% 3
\BOOKMARK [0][-]{chapter.1}{Vadalog Engine}{}% 4
\BOOKMARK [1][-]{section.1.1}{Propriet\340 di un KGMS}{chapter.1}% 5
\BOOKMARK [2][-]{subsection.1.1.1}{Linguaggio e sistema per il reasoning}{section.1.1}% 6
\BOOKMARK [2][-]{subsection.1.1.2}{Accesso e gestione dei Big Data}{section.1.1}% 7
\BOOKMARK [2][-]{subsection.1.1.3}{Inserimento di codice procedurale e di terze parti}{section.1.1}% 8
\BOOKMARK [1][-]{section.1.2}{Architettura}{chapter.1}% 9
\BOOKMARK [2][-]{subsection.1.2.1}{Reasoning}{section.1.2}% 10
\BOOKMARK [2][-]{subsection.1.2.2}{Architettura stream-based e tecniche per la gestione della cache}{section.1.2}% 11
\BOOKMARK [2][-]{subsection.1.2.3}{Interfacce}{section.1.2}% 12
\BOOKMARK [0][-]{chapter.2}{Il linguaggio Vadalog}{}% 13
\BOOKMARK [1][-]{section.2.1}{Questa \350 una Sezione}{chapter.2}% 14
\BOOKMARK [2][-]{subsection.2.1.1}{Questa \350 una Sottosezione}{section.2.1}% 15
\BOOKMARK [0][-]{chapter.3}{Algoritmi}{}% 16
\BOOKMARK [0][-]{chapter.4}{Prove sperimentali}{}% 17
\BOOKMARK [0][-]{chapter.5}{Related Work}{}% 18
\BOOKMARK [0][-]{chapter*.5}{Conclusioni e sviluppi futuri}{}% 19
\BOOKMARK [0][-]{section*.7}{Bibliografia}{}% 20
